#
# There is insufficient memory for the Java Runtime Environment to continue.
# Native memory allocation (malloc) failed to allocate 1374736 bytes for Chunk::new
# Possible reasons:
#   The system is out of physical RAM or swap space
#   The process is running with CompressedOops enabled, and the Java Heap may be blocking the growth of the native heap
# Possible solutions:
#   Reduce memory load on the system
#   Increase physical memory or swap space
#   Check if swap backing store is full
#   Decrease Java heap size (-Xmx/-Xms)
#   Decrease number of Java threads
#   Decrease Java thread stack sizes (-Xss)
#   Set larger code cache with -XX:ReservedCodeCacheSize=
#   JVM is running with Zero Based Compressed Oops mode in which the Java heap is
#     placed in the first 32GB address space. The Java Heap base address is the
#     maximum limit for the native heap growth. Please use -XX:HeapBaseMinAddress
#     to set the Java Heap base and to place the Java Heap above 32GB virtual address.
# This output file may be truncated or incomplete.
#
#  Out of Memory Error (allocation.cpp:389), pid=6256, tid=0x00000000000057b8
#
# JRE version: Java(TM) SE Runtime Environment (8.0_221-b11) (build 1.8.0_221-b11)
# Java VM: Java HotSpot(TM) 64-Bit Server VM (25.221-b11 mixed mode windows-amd64 compressed oops)
# Failed to write core dump. Minidumps are not enabled by default on client versions of Windows
#

---------------  T H R E A D  ---------------

Current thread (0x000000001e10a000):  JavaThread "C2 CompilerThread0" daemon [_thread_in_native, id=22456, stack(0x000000001f6f0000,0x000000001f7f0000)]

Stack: [0x000000001f6f0000,0x000000001f7f0000]
[error occurred during error reporting (printing stack bounds), id 0xc0000005]

Native frames: (J=compiled Java code, j=interpreted, Vv=VM code, C=native code)


Current CompileTask:
C2:   2266 3056       4       com.sun.beans.TypeResolver::resolve (37 bytes)


---------------  P R O C E S S  ---------------

Java Threads: ( => current thread )
  0x000000001e1a3800 JavaThread "Service Thread" daemon [_thread_blocked, id=412, stack(0x000000001faf0000,0x000000001fbf0000)]
  0x000000001e10e800 JavaThread "C1 CompilerThread3" daemon [_thread_in_native, id=10392, stack(0x000000001f9f0000,0x000000001faf0000)]
  0x000000001e10e000 JavaThread "C2 CompilerThread2" daemon [_thread_in_native, id=21136, stack(0x000000001f8f0000,0x000000001f9f0000)]
  0x000000001e10d000 JavaThread "C2 CompilerThread1" daemon [_thread_in_native, id=4556, stack(0x000000001f7f0000,0x000000001f8f0000)]
=>0x000000001e10a000 JavaThread "C2 CompilerThread0" daemon [_thread_in_native, id=22456, stack(0x000000001f6f0000,0x000000001f7f0000)]
  0x000000001e0fd000 JavaThread "Monitor Ctrl-Break" daemon [_thread_in_native, id=13396, stack(0x000000001f5f0000,0x000000001f6f0000)]
  0x000000001e094000 JavaThread "Attach Listener" daemon [_thread_blocked, id=9964, stack(0x000000001f4f0000,0x000000001f5f0000)]
  0x000000001e0ed000 JavaThread "Signal Dispatcher" daemon [_thread_blocked, id=18636, stack(0x000000001f3f0000,0x000000001f4f0000)]
  0x000000001c9a4000 JavaThread "Finalizer" daemon [_thread_blocked, id=21540, stack(0x000000001f2f0000,0x000000001f3f0000)]
  0x000000001e073000 JavaThread "Reference Handler" daemon [_thread_blocked, id=22204, stack(0x000000001f1f0000,0x000000001f2f0000)]
  0x000000000293d000 JavaThread "main" [_thread_in_native, id=9800, stack(0x0000000002940000,0x0000000002a40000)]

Other Threads:
  0x000000001e051800 VMThread [stack: 0x000000001f0f0000,0x000000001f1f0000] [id=14968]
  0x000000001e1e8800 WatcherThread [stack: 0x000000001fbf0000,0x000000001fcf0000] [id=22056]

VM state:not at safepoint (normal execution)

VM Mutex/Monitor currently owned by a thread: None

heap address: 0x00000006c0e00000, size: 4082 MB, Compressed Oops mode: Zero based, Oop shift amount: 3
Narrow klass base: 0x0000000000000000, Narrow klass shift: 3
Compressed class space size: 1073741824 Address: 0x00000007c0000000

Heap:
 PSYoungGen      total 119808K, used 30941K [0x000000076af80000, 0x0000000774180000, 0x00000007c0000000)
  eden space 109056K, 19% used [0x000000076af80000,0x000000076c45b9b8,0x0000000771a00000)
  from space 10752K, 89% used [0x0000000772c80000,0x00000007735dbd98,0x0000000773700000)
  to   space 7680K, 0% used [0x0000000773a00000,0x0000000773a00000,0x0000000774180000)
 ParOldGen       total 93696K, used 7507K [0x00000006c0e00000, 0x00000006c6980000, 0x000000076af80000)
  object space 93696K, 8% used [0x00000006c0e00000,0x00000006c1554c90,0x00000006c6980000)
 Metaspace       used 30418K, capacity 31650K, committed 31872K, reserved 1077248K
  class space    used 3940K, capacity 4217K, committed 4224K, reserved 1048576K

Card table byte_map: [0x00000000120c0000,0x00000000128c0000] byte_map_base: 0x000000000eab9000

Marking Bits: (ParMarkBitMap*) 0x000000005add5ce0
 Begin Bits: [0x0000000013820000, 0x00000000177e8000)
 End Bits:   [0x00000000177e8000, 0x000000001b7b0000)

Polling page: 0x00000000006a0000

CodeCache: size=245760Kb used=11800Kb max_used=11800Kb free=233959Kb
 bounds [0x0000000002d00000, 0x0000000003890000, 0x0000000011d00000]
 total_blobs=3509 nmethods=3097 adapters=324
 compilation: enabled

Compilation events (10 events):
Event: 2.255 Thread 0x000000001e10e800 3095       1       org.springframework.boot.context.properties.source.SpringIterableConfigurationPropertySource$Cache::getNames (5 bytes)
Event: 2.255 Thread 0x000000001e10e800 nmethod 3095 0x0000000003865b50 code [0x0000000003865ca0, 0x0000000003865db0]
Event: 2.255 Thread 0x000000001e10e800 3096       3       org.springframework.boot.context.properties.source.ConfigurationPropertyState::search (56 bytes)
Event: 2.256 Thread 0x000000001e10e800 nmethod 3096 0x0000000003887dd0 code [0x0000000003887fc0, 0x0000000003888798]
Event: 2.256 Thread 0x000000001e10e800 3097       3       org.springframework.beans.factory.config.InstantiationAwareBeanPostProcessorAdapter::postProcessAfterInitialization (2 bytes)
Event: 2.256 Thread 0x000000001e10e800 nmethod 3097 0x000000000386a310 code [0x000000000386a460, 0x000000000386a5b0]
Event: 2.258 Thread 0x000000001e10e800 3098       3       org.springframework.util.LinkedMultiValueMap::<init> (16 bytes)
Event: 2.259 Thread 0x000000001e10e800 nmethod 3098 0x0000000003888b10 code [0x0000000003888ca0, 0x0000000003889050]
Event: 2.259 Thread 0x000000001e10e800 3099       3       java.util.AbstractCollection::toArray (70 bytes)
Event: 2.259 Thread 0x000000001e10e800 nmethod 3099 0x0000000003889210 code [0x0000000003889400, 0x0000000003889d88]

GC Heap History (10 events):
Event: 1.025 GC heap before
{Heap before GC invocations=2 (full 0):
 PSYoungGen      total 76288K, used 72445K [0x000000076af80000, 0x0000000770480000, 0x00000007c0000000)
  eden space 65536K, 100% used [0x000000076af80000,0x000000076ef80000,0x000000076ef80000)
  from space 10752K, 64% used [0x000000076ef80000,0x000000076f63f5a0,0x000000076fa00000)
  to   space 10752K, 0% used [0x000000076fa00000,0x000000076fa00000,0x0000000770480000)
 ParOldGen       total 175104K, used 16K [0x00000006c0e00000, 0x00000006cb900000, 0x000000076af80000)
  object space 175104K, 0% used [0x00000006c0e00000,0x00000006c0e04000,0x00000006cb900000)
 Metaspace       used 17907K, capacity 18492K, committed 18688K, reserved 1064960K
  class space    used 2359K, capacity 2498K, committed 2560K, reserved 1048576K
Event: 1.037 GC heap after
Heap after GC invocations=2 (full 0):
 PSYoungGen      total 76288K, used 9006K [0x000000076af80000, 0x0000000774480000, 0x00000007c0000000)
  eden space 65536K, 0% used [0x000000076af80000,0x000000076af80000,0x000000076ef80000)
  from space 10752K, 83% used [0x000000076fa00000,0x00000007702cb940,0x0000000770480000)
  to   space 10752K, 0% used [0x000000076ef80000,0x000000076ef80000,0x000000076fa00000)
 ParOldGen       total 175104K, used 24K [0x00000006c0e00000, 0x00000006cb900000, 0x000000076af80000)
  object space 175104K, 0% used [0x00000006c0e00000,0x00000006c0e06000,0x00000006cb900000)
 Metaspace       used 17907K, capacity 18492K, committed 18688K, reserved 1064960K
  class space    used 2359K, capacity 2498K, committed 2560K, reserved 1048576K
}
Event: 1.132 GC heap before
{Heap before GC invocations=3 (full 0):
 PSYoungGen      total 76288K, used 33112K [0x000000076af80000, 0x0000000774480000, 0x00000007c0000000)
  eden space 65536K, 36% used [0x000000076af80000,0x000000076c70a9c0,0x000000076ef80000)
  from space 10752K, 83% used [0x000000076fa00000,0x00000007702cb940,0x0000000770480000)
  to   space 10752K, 0% used [0x000000076ef80000,0x000000076ef80000,0x000000076fa00000)
 ParOldGen       total 175104K, used 24K [0x00000006c0e00000, 0x00000006cb900000, 0x000000076af80000)
  object space 175104K, 0% used [0x00000006c0e00000,0x00000006c0e06000,0x00000006cb900000)
 Metaspace       used 20602K, capacity 21174K, committed 21248K, reserved 1067008K
  class space    used 2641K, capacity 2813K, committed 2816K, reserved 1048576K
Event: 1.137 GC heap after
Heap after GC invocations=3 (full 0):
 PSYoungGen      total 76288K, used 7742K [0x000000076af80000, 0x0000000774480000, 0x00000007c0000000)
  eden space 65536K, 0% used [0x000000076af80000,0x000000076af80000,0x000000076ef80000)
  from space 10752K, 72% used [0x000000076ef80000,0x000000076f70f9e0,0x000000076fa00000)
  to   space 10752K, 0% used [0x0000000773a00000,0x0000000773a00000,0x0000000774480000)
 ParOldGen       total 175104K, used 32K [0x00000006c0e00000, 0x00000006cb900000, 0x000000076af80000)
  object space 175104K, 0% used [0x00000006c0e00000,0x00000006c0e08000,0x00000006cb900000)
 Metaspace       used 20602K, capacity 21174K, committed 21248K, reserved 1067008K
  class space    used 2641K, capacity 2813K, committed 2816K, reserved 1048576K
}
Event: 1.137 GC heap before
{Heap before GC invocations=4 (full 1):
 PSYoungGen      total 76288K, used 7742K [0x000000076af80000, 0x0000000774480000, 0x00000007c0000000)
  eden space 65536K, 0% used [0x000000076af80000,0x000000076af80000,0x000000076ef80000)
  from space 10752K, 72% used [0x000000076ef80000,0x000000076f70f9e0,0x000000076fa00000)
  to   space 10752K, 0% used [0x0000000773a00000,0x0000000773a00000,0x0000000774480000)
 ParOldGen       total 175104K, used 32K [0x00000006c0e00000, 0x00000006cb900000, 0x000000076af80000)
  object space 175104K, 0% used [0x00000006c0e00000,0x00000006c0e08000,0x00000006cb900000)
 Metaspace       used 20602K, capacity 21174K, committed 21248K, reserved 1067008K
  class space    used 2641K, capacity 2813K, committed 2816K, reserved 1048576K
Event: 1.153 GC heap after
Heap after GC invocations=4 (full 1):
 PSYoungGen      total 76288K, used 0K [0x000000076af80000, 0x0000000774480000, 0x00000007c0000000)
  eden space 65536K, 0% used [0x000000076af80000,0x000000076af80000,0x000000076ef80000)
  from space 10752K, 0% used [0x000000076ef80000,0x000000076ef80000,0x000000076fa00000)
  to   space 10752K, 0% used [0x0000000773a00000,0x0000000773a00000,0x0000000774480000)
 ParOldGen       total 93696K, used 7427K [0x00000006c0e00000, 0x00000006c6980000, 0x000000076af80000)
  object space 93696K, 7% used [0x00000006c0e00000,0x00000006c1540c80,0x00000006c6980000)
 Metaspace       used 20602K, capacity 21174K, committed 21248K, reserved 1067008K
  class space    used 2641K, capacity 2813K, committed 2816K, reserved 1048576K
}
Event: 1.568 GC heap before
{Heap before GC invocations=5 (full 1):
 PSYoungGen      total 76288K, used 65536K [0x000000076af80000, 0x0000000774480000, 0x00000007c0000000)
  eden space 65536K, 100% used [0x000000076af80000,0x000000076ef80000,0x000000076ef80000)
  from space 10752K, 0% used [0x000000076ef80000,0x000000076ef80000,0x000000076fa00000)
  to   space 10752K, 0% used [0x0000000773a00000,0x0000000773a00000,0x0000000774480000)
 ParOldGen       total 93696K, used 7427K [0x00000006c0e00000, 0x00000006c6980000, 0x000000076af80000)
  object space 93696K, 7% used [0x00000006c0e00000,0x00000006c1540c80,0x00000006c6980000)
 Metaspace       used 26446K, capacity 27254K, committed 27520K, reserved 1073152K
  class space    used 3427K, capacity 3645K, committed 3712K, reserved 1048576K
Event: 1.574 GC heap after
Heap after GC invocations=5 (full 1):
 PSYoungGen      total 116736K, used 7264K [0x000000076af80000, 0x0000000774180000, 0x00000007c0000000)
  eden space 109056K, 0% used [0x000000076af80000,0x000000076af80000,0x0000000771a00000)
  from space 7680K, 94% used [0x0000000773a00000,0x0000000774118360,0x0000000774180000)
  to   space 10752K, 0% used [0x0000000772c80000,0x0000000772c80000,0x0000000773700000)
 ParOldGen       total 93696K, used 7499K [0x00000006c0e00000, 0x00000006c6980000, 0x000000076af80000)
  object space 93696K, 8% used [0x00000006c0e00000,0x00000006c1552c90,0x00000006c6980000)
 Metaspace       used 26446K, capacity 27254K, committed 27520K, reserved 1073152K
  class space    used 3427K, capacity 3645K, committed 3712K, reserved 1048576K
}
Event: 2.173 GC heap before
{Heap before GC invocations=6 (full 1):
 PSYoungGen      total 116736K, used 116320K [0x000000076af80000, 0x0000000774180000, 0x00000007c0000000)
  eden space 109056K, 100% used [0x000000076af80000,0x0000000771a00000,0x0000000771a00000)
  from space 7680K, 94% used [0x0000000773a00000,0x0000000774118360,0x0000000774180000)
  to   space 10752K, 0% used [0x0000000772c80000,0x0000000772c80000,0x0000000773700000)
 ParOldGen       total 93696K, used 7499K [0x00000006c0e00000, 0x00000006c6980000, 0x000000076af80000)
  object space 93696K, 8% used [0x00000006c0e00000,0x00000006c1552c90,0x00000006c6980000)
 Metaspace       used 30067K, capacity 31294K, committed 31616K, reserved 1077248K
  class space    used 3883K, capacity 4145K, committed 4224K, reserved 1048576K
Event: 2.180 GC heap after
Heap after GC invocations=6 (full 1):
 PSYoungGen      total 119808K, used 9583K [0x000000076af80000, 0x0000000774180000, 0x00000007c0000000)
  eden space 109056K, 0% used [0x000000076af80000,0x000000076af80000,0x0000000771a00000)
  from space 10752K, 89% used [0x0000000772c80000,0x00000007735dbd98,0x0000000773700000)
  to   space 7680K, 0% used [0x0000000773a00000,0x0000000773a00000,0x0000000774180000)
 ParOldGen       total 93696K, used 7507K [0x00000006c0e00000, 0x00000006c6980000, 0x000000076af80000)
  object space 93696K, 8% used [0x00000006c0e00000,0x00000006c1554c90,0x00000006c6980000)
 Metaspace       used 30067K, capacity 31294K, committed 31616K, reserved 1077248K
  class space    used 3883K, capacity 4145K, committed 4224K, reserved 1048576K
}

Deoptimization events (10 events):
Event: 1.284 Thread 0x0000000020aa2800 Uncommon trap: reason=unstable_if action=reinterpret pc=0x0000000003240784 method=java.util.Properties$LineReader.readLine()I @ 252
Event: 1.400 Thread 0x0000000020aa2800 Uncommon trap: reason=unstable_if action=reinterpret pc=0x000000000337d9c4 method=com.sun.org.apache.xerces.internal.impl.XMLEntityScanner.scanLiteral(ILcom/sun/org/apache/xerces/internal/xni/XMLString;Z)I @ 570
Event: 1.409 Thread 0x0000000020aa2800 Uncommon trap: reason=unstable_if action=reinterpret pc=0x0000000003371e34 method=com.sun.org.apache.xerces.internal.impl.XMLEntityScanner.checkBeforeLoad(Lcom/sun/xml/internal/stream/Entity$ScannedEntity;II)I @ 18
Event: 1.432 Thread 0x0000000020aa2800 Uncommon trap: reason=unstable_if action=reinterpret pc=0x00000000033c2304 method=com.sun.org.apache.xerces.internal.impl.XMLEntityScanner.skipSpaces()Z @ 125
Event: 1.451 Thread 0x0000000020aa2800 Uncommon trap: reason=unstable_if action=reinterpret pc=0x00000000033dfbe4 method=com.sun.org.apache.xerces.internal.util.SymbolTable.addSymbol([CII)Ljava/lang/String; @ 38
Event: 1.461 Thread 0x0000000020aa2800 Uncommon trap: reason=unstable_if action=reinterpret pc=0x000000000342a758 method=com.sun.org.apache.xerces.internal.util.SymbolTable.addSymbol([CII)Ljava/lang/String; @ 38
Event: 1.823 Thread 0x000000000293d000 Uncommon trap: reason=unstable_if action=reinterpret pc=0x00000000031ccb60 method=java.io.WinNTFileSystem.isLetter(C)Z @ 3
Event: 1.902 Thread 0x000000000293d000 Uncommon trap: reason=unstable_if action=reinterpret pc=0x00000000035d62ac method=java.lang.reflect.Method.equals(Ljava/lang/Object;)Z @ 1
Event: 2.147 Thread 0x000000000293d000 Uncommon trap: reason=unstable_if action=reinterpret pc=0x0000000003843a74 method=org.springframework.beans.factory.support.AbstractBeanFactory.isTypeMatch(Ljava/lang/String;Lorg/springframework/core/ResolvableType;)Z @ 26
Event: 2.164 Thread 0x000000000293d000 Uncommon trap: reason=unstable_if action=reinterpret pc=0x00000000036b9f20 method=org.springframework.beans.factory.support.DefaultSingletonBeanRegistry.getSingleton(Ljava/lang/String;Z)Ljava/lang/Object; @ 47

Classes redefined (0 events):
No events

Internal exceptions (10 events):
Event: 2.247 Thread 0x000000000293d000 Exception <a 'java/lang/ClassNotFoundException': org/springframework/beans/factory/AwareCustomizer> (0x000000076c0f3b90) thrown at [C:\re\workspace\8-2-build-windows-amd64-cygwin\jdk8u221\13320\hotspot\src\share\vm\classfile\systemDictionary.cpp, line 210
Event: 2.249 Thread 0x000000000293d000 Exception <a 'java/lang/ClassNotFoundException': java/lang/ObjectCustomizer> (0x000000076c100298) thrown at [C:\re\workspace\8-2-build-windows-amd64-cygwin\jdk8u221\13320\hotspot\src\share\vm\classfile\systemDictionary.cpp, line 210]
Event: 2.249 Thread 0x000000000293d000 Exception <a 'java/lang/ClassNotFoundException': org/springframework/boot/autoconfigure/thymeleaf/ThymeleafAutoConfigurationCustomizer> (0x000000076c120b80) thrown at [C:\re\workspace\8-2-build-windows-amd64-cygwin\jdk8u221\13320\hotspot\src\share\vm\clas
Event: 2.249 Thread 0x000000000293d000 Exception <a 'java/lang/ClassNotFoundException': org/springframework/boot/autoconfigure/thymeleaf/ThymeleafAutoConfiguration$$EnhancerBySpringCGLIB$$2ea7c480Customizer> (0x000000076c1470e0) thrown at [C:\re\workspace\8-2-build-windows-amd64-cygwin\jdk8u22
Event: 2.250 Thread 0x000000000293d000 Exception <a 'java/lang/ClassNotFoundException': org/springframework/context/annotation/ConfigurationClassEnhancer$EnhancedConfigurationCustomizer> (0x000000076c16c748) thrown at [C:\re\workspace\8-2-build-windows-amd64-cygwin\jdk8u221\13320\hotspot\src\s
Event: 2.250 Thread 0x000000000293d000 Exception <a 'java/lang/ClassNotFoundException': org/springframework/beans/factory/BeanFactoryAwareCustomizer> (0x000000076c183018) thrown at [C:\re\workspace\8-2-build-windows-amd64-cygwin\jdk8u221\13320\hotspot\src\share\vm\classfile\systemDictionary.cp
Event: 2.250 Thread 0x000000000293d000 Exception <a 'java/lang/ClassNotFoundException': org/springframework/beans/factory/AwareCustomizer> (0x000000076c197ed0) thrown at [C:\re\workspace\8-2-build-windows-amd64-cygwin\jdk8u221\13320\hotspot\src\share\vm\classfile\systemDictionary.cpp, line 210
Event: 2.253 Thread 0x000000000293d000 Exception <a 'java/lang/ClassNotFoundException': java/lang/ObjectCustomizer> (0x000000076c1c3f00) thrown at [C:\re\workspace\8-2-build-windows-amd64-cygwin\jdk8u221\13320\hotspot\src\share\vm\classfile\systemDictionary.cpp, line 210]
Event: 2.254 Thread 0x000000000293d000 Exception <a 'java/lang/ClassNotFoundException': org/springframework/boot/test/autoconfigure/web/servlet/SpringBootMockMvcBuilderCustomizerCustomizer> (0x000000076c1e8de0) thrown at [C:\re\workspace\8-2-build-windows-amd64-cygwin\jdk8u221\13320\hotspot\sr
Event: 2.254 Thread 0x000000000293d000 Exception <a 'java/lang/ClassNotFoundException': org/springframework/boot/test/autoconfigure/web/servlet/MockMvcBuilderCustomizerCustomizer> (0x000000076c215b78) thrown at [C:\re\workspace\8-2-build-windows-amd64-cygwin\jdk8u221\13320\hotspot\src\share\vm

Events (10 events):
Event: 2.263 loading class org/springframework/boot/test/autoconfigure/web/servlet/SpringBootMockMvcBuilderCustomizer$DeferredLinesWriter
Event: 2.263 loading class org/springframework/boot/test/autoconfigure/web/servlet/SpringBootMockMvcBuilderCustomizer$DeferredLinesWriter done
Event: 2.264 loading class org/springframework/boot/test/autoconfigure/web/servlet/SpringBootMockMvcBuilderCustomizer$LinesWritingResultHandler
Event: 2.264 loading class org/springframework/boot/test/autoconfigure/web/servlet/SpringBootMockMvcBuilderCustomizer$LinesWritingResultHandler done
Event: 2.264 loading class org/springframework/test/web/servlet/setup/MockMvcConfigurer
Event: 2.264 loading class org/springframework/test/web/servlet/setup/MockMvcConfigurer done
Event: 2.264 loading class org/springframework/test/web/servlet/ResultMatcher
Event: 2.264 loading class org/springframework/test/web/servlet/ResultMatcher done
Event: 2.265 loading class org/springframework/mock/web/MockServletConfig
Event: 2.265 loading class org/springframework/mock/web/MockServletConfig done


Dynamic libraries:
0x00007ff7f3130000 - 0x00007ff7f3167000 	D:\Program Files\Java\jdk1.8.0_221\bin\java.exe
0x00007ffe9a730000 - 0x00007ffe9a911000 	C:\WINDOWS\SYSTEM32\ntdll.dll
0x00007ffe98710000 - 0x00007ffe987c1000 	C:\WINDOWS\System32\KERNEL32.DLL
0x00007ffe97940000 - 0x00007ffe97bb3000 	C:\WINDOWS\System32\KERNELBASE.dll
0x00007ffe982e0000 - 0x00007ffe98381000 	C:\WINDOWS\System32\ADVAPI32.dll
0x00007ffe97be0000 - 0x00007ffe97c7e000 	C:\WINDOWS\System32\msvcrt.dll
0x00007ffe97cb0000 - 0x00007ffe97d0b000 	C:\WINDOWS\System32\sechost.dll
0x00007ffe984b0000 - 0x00007ffe985d4000 	C:\WINDOWS\System32\RPCRT4.dll
0x00007ffe9a570000 - 0x00007ffe9a700000 	C:\WINDOWS\System32\USER32.dll
0x00007ffe97450000 - 0x00007ffe97470000 	C:\WINDOWS\System32\win32u.dll
0x00007ffe97c80000 - 0x00007ffe97ca8000 	C:\WINDOWS\System32\GDI32.dll
0x00007ffe972b0000 - 0x00007ffe97441000 	C:\WINDOWS\System32\gdi32full.dll
0x00007ffe97210000 - 0x00007ffe972af000 	C:\WINDOWS\System32\msvcp_win.dll
0x00007ffe97710000 - 0x00007ffe97808000 	C:\WINDOWS\System32\ucrtbase.dll
0x00007ffe8b4d0000 - 0x00007ffe8b739000 	C:\WINDOWS\WinSxS\amd64_microsoft.windows.common-controls_6595b64144ccf1df_6.0.17134.915_none_fb42a6293065514f\COMCTL32.dll
0x00007ffe987d0000 - 0x00007ffe98af2000 	C:\WINDOWS\System32\combase.dll
0x00007ffe97810000 - 0x00007ffe97889000 	C:\WINDOWS\System32\bcryptPrimitives.dll
0x00007ffe9a3f0000 - 0x00007ffe9a41d000 	C:\WINDOWS\System32\IMM32.DLL
0x000000005ae60000 - 0x000000005af32000 	D:\Program Files\Java\jdk1.8.0_221\jre\bin\msvcr100.dll
0x000000005a5b0000 - 0x000000005ae55000 	D:\Program Files\Java\jdk1.8.0_221\jre\bin\server\jvm.dll
0x00007ffe9a3d0000 - 0x00007ffe9a3d8000 	C:\WINDOWS\System32\PSAPI.DLL
0x00007ffe785b0000 - 0x00007ffe785b9000 	C:\WINDOWS\SYSTEM32\WSOCK32.dll
0x00007ffe986a0000 - 0x00007ffe9870c000 	C:\WINDOWS\System32\WS2_32.dll
0x00007ffe94ca0000 - 0x00007ffe94cc3000 	C:\WINDOWS\SYSTEM32\WINMM.dll
0x00007ffe91d60000 - 0x00007ffe91d6a000 	C:\WINDOWS\SYSTEM32\VERSION.dll
0x00007ffe94c40000 - 0x00007ffe94c6a000 	C:\WINDOWS\SYSTEM32\winmmbase.dll
0x00007ffe97890000 - 0x00007ffe978d9000 	C:\WINDOWS\System32\cfgmgr32.dll
0x00007ffe93470000 - 0x00007ffe9347f000 	D:\Program Files\Java\jdk1.8.0_221\jre\bin\verify.dll
0x00007ffe92850000 - 0x00007ffe92879000 	D:\Program Files\Java\jdk1.8.0_221\jre\bin\java.dll
0x00007ffe861f0000 - 0x00007ffe86213000 	D:\Program Files\Java\jdk1.8.0_221\jre\bin\instrument.dll
0x00007ffe933a0000 - 0x00007ffe933b6000 	D:\Program Files\Java\jdk1.8.0_221\jre\bin\zip.dll
0x00007ffe98dd0000 - 0x00007ffe9a210000 	C:\WINDOWS\System32\SHELL32.dll
0x00007ffe985f0000 - 0x00007ffe98699000 	C:\WINDOWS\System32\shcore.dll
0x00007ffe96b00000 - 0x00007ffe9720d000 	C:\WINDOWS\System32\windows.storage.dll
0x00007ffe98b00000 - 0x00007ffe98b51000 	C:\WINDOWS\System32\shlwapi.dll
0x00007ffe96ac0000 - 0x00007ffe96ad1000 	C:\WINDOWS\System32\kernel.appcore.dll
0x00007ffe96aa0000 - 0x00007ffe96abf000 	C:\WINDOWS\System32\profapi.dll
0x00007ffe96a40000 - 0x00007ffe96a8c000 	C:\WINDOWS\System32\powrprof.dll
0x00007ffe96a90000 - 0x00007ffe96a9a000 	C:\WINDOWS\System32\FLTLIB.DLL
0x00007ffe85340000 - 0x00007ffe8535a000 	D:\Program Files\JetBrains\IntelliJ IDEA 2019.2.3\bin\breakgen64.dll
0x00007ffe852c0000 - 0x00007ffe852da000 	D:\Program Files\java\jdk1.8.0_221\jre\bin\net.dll
0x00007ffe89670000 - 0x00007ffe89839000 	C:\WINDOWS\SYSTEM32\urlmon.dll
0x00007ffe899f0000 - 0x00007ffe89c96000 	C:\WINDOWS\SYSTEM32\iertutil.dll
0x00007ffe96450000 - 0x00007ffe9645b000 	C:\WINDOWS\SYSTEM32\CRYPTBASE.DLL
0x00007ffe96280000 - 0x00007ffe962e6000 	C:\WINDOWS\system32\mswsock.dll
0x00007ffe852a0000 - 0x00007ffe852b2000 	D:\Program Files\java\jdk1.8.0_221\jre\bin\nio.dll
0x00007ffe861e0000 - 0x00007ffe861ed000 	D:\Program Files\java\jdk1.8.0_221\jre\bin\management.dll
0x00007ffe7ded0000 - 0x00007ffe7df03000 	C:\Program Files (x86)\Sangfor\SSL\ClientComponent\1_SangforNspX64.dll
0x00007ffe9a270000 - 0x00007ffe9a3c1000 	C:\WINDOWS\System32\ole32.dll
0x00007ffe98d00000 - 0x00007ffe98dc2000 	C:\WINDOWS\System32\OLEAUT32.dll
0x00007ffe7b610000 - 0x00007ffe7b626000 	C:\WINDOWS\system32\napinsp.dll
0x00007ffe7b5f0000 - 0x00007ffe7b60a000 	C:\WINDOWS\system32\pnrpnsp.dll
0x00007ffe93350000 - 0x00007ffe93369000 	C:\WINDOWS\system32\NLAapi.dll
0x00007ffe96010000 - 0x00007ffe960ce000 	C:\WINDOWS\SYSTEM32\DNSAPI.dll
0x00007ffe9a3e0000 - 0x00007ffe9a3e8000 	C:\WINDOWS\System32\NSI.dll
0x00007ffe95fd0000 - 0x00007ffe96008000 	C:\WINDOWS\SYSTEM32\IPHLPAPI.DLL
0x00007ffe7b5e0000 - 0x00007ffe7b5ee000 	C:\WINDOWS\System32\winrnr.dll
0x000000005d0f0000 - 0x000000005d116000 	C:\Program Files\Bonjour\mdnsNSP.dll
0x00007ffe8de10000 - 0x00007ffe8de25000 	C:\WINDOWS\System32\wshbth.dll
0x00007ffe850a0000 - 0x00007ffe8521a000 	C:\Program Files (x86)\Sangfor\SSL\ClientComponent\10_SangforTcpX64.dll
0x00007ffe978e0000 - 0x00007ffe97937000 	C:\WINDOWS\System32\WINTRUST.dll
0x00007ffe96ae0000 - 0x00007ffe96af2000 	C:\WINDOWS\System32\MSASN1.dll
0x00007ffe97470000 - 0x00007ffe97652000 	C:\WINDOWS\System32\CRYPT32.dll
0x00007ffe8d780000 - 0x00007ffe8d78a000 	C:\Windows\System32\rasadhlp.dll
0x00007ffe8bb10000 - 0x00007ffe8bb82000 	C:\WINDOWS\System32\fwpuclnt.dll
0x00007ffe96560000 - 0x00007ffe96585000 	C:\WINDOWS\SYSTEM32\bcrypt.dll

VM Arguments:
jvm_args: -ea -Didea.test.cyclic.buffer.size=1048576 -javaagent:D:\Program Files\JetBrains\IntelliJ IDEA 2019.2.3\lib\idea_rt.jar=62296:D:\Program Files\JetBrains\IntelliJ IDEA 2019.2.3\bin -Dfile.encoding=UTF-8 
java_command: com.intellij.rt.execution.junit.JUnitStarter -ideVersion5 -junit4 com.example.tacocloud.controller.HomeControllerTest,testHomePage
java_class_path (initial): D:\Program Files\JetBrains\IntelliJ IDEA 2019.2.3\lib\idea_rt.jar;D:\Program Files\JetBrains\IntelliJ IDEA 2019.2.3\plugins\junit\lib\junit-rt.jar;D:\Program Files\JetBrains\IntelliJ IDEA 2019.2.3\plugins\junit\lib\junit5-rt.jar;D:\Program Files\java\jdk1.8.0_221\jre\lib\charsets.jar;D:\Program Files\java\jdk1.8.0_221\jre\lib\deploy.jar;D:\Program Files\java\jdk1.8.0_221\jre\lib\ext\access-bridge-64.jar;D:\Program Files\java\jdk1.8.0_221\jre\lib\ext\cldrdata.jar;D:\Program Files\java\jdk1.8.0_221\jre\lib\ext\dnsns.jar;D:\Program Files\java\jdk1.8.0_221\jre\lib\ext\jaccess.jar;D:\Program Files\java\jdk1.8.0_221\jre\lib\ext\jfxrt.jar;D:\Program Files\java\jdk1.8.0_221\jre\lib\ext\localedata.jar;D:\Program Files\java\jdk1.8.0_221\jre\lib\ext\nashorn.jar;D:\Program Files\java\jdk1.8.0_221\jre\lib\ext\sunec.jar;D:\Program Files\java\jdk1.8.0_221\jre\lib\ext\sunjce_provider.jar;D:\Program Files\java\jdk1.8.0_221\jre\lib\ext\sunmscapi.jar;D:\Program Files\java\jdk1.8.0_221\jre\lib\ext\sunpkcs11.jar;D:\Program Files\java\jdk1.8.0_221\jre\lib\ext\zipfs.jar;D:\Program Files\java\jdk1.8.0_221\jre\lib\javaws.jar;D:\Program Files\java\jdk1.8.0_221\jre\lib\jce.jar;D:\Program Files\java\jdk1.8.0_221\jre\lib\jfr.jar;D:\Program Files\java\jdk1.8.0_221\jre\lib\jfxswt.jar;D:\Program Files\java\jdk1.8.0_221\jre\lib\jsse.jar;D:\Program Files\java\jdk1.8.0_221\jre\lib\management-agent.jar;D:\Program Files\java\jdk1.8.0_221\jre\lib\plugin.jar;D:\Program Files\java\jdk1.8.0_221\jre\lib\resources.jar;D:\Program Files\java\jdk1.8.0_221\jre\lib\rt.jar;D:\tacoCloud\target\test-classes;D:\tacoCloud\target\classes;C:\Users\Administrator\.m2\repository\org\springframework\boot\spring-boot-starter-thymeleaf\2.1.9.RELEASE\spring-boot-starter-thymeleaf-2.1.9.RELEASE.jar;C:\Users\Administrator\.m2\repository\org\springframework\boot\spring-boot-starter\2.1.9.RELEASE\spring-boot-starter-2.1.9.RELEASE.jar;C:\Users\Administrator\.m2\repository\org\springframework\boot\spring
Launcher Type: SUN_STANDARD

Environment Variables:
JAVA_HOME=C:\Java\jdk1.8.0_191
PATH=C:\Program Files (x86)\Common Files\Oracle\Java\javapath;C:\Java\jdk1.8.0_191\bin;C:\Windows\system32;C:\Windows;C:\Windows\System32\Wbem;C:\Windows\System32\WindowsPowerShell\v1.0\;C:\Program Files (x86)\NVIDIA Corporation\PhysX\Common;C:\WINDOWS\system32;C:\WINDOWS;C:\WINDOWS\System32\Wbem;C:\WINDOWS\System32\WindowsPowerShell\v1.0\;C:\WINDOWS\System32\OpenSSH\;C:\Program Files\MongoDB\Server\3.2\bin;C:\Program Files\erl9.2\bin;C:\Program Files (x86)\Calibre2\;D:\Program Files\JetBrains\IntelliJ IDEA 2018.2.6\plugins\maven\lib\maven3\bin;D:\Program Files\nodejs;D:\Program Files\nodejs\npm_modules;D:\Program Files\ffmpeg-20180227-fa0c9d6-win64-static\bin;D:\Program Files\Git\cmd;C:\Users\Administrator\AppData\Local\Microsoft\WindowsApps;C:\Users\Administrator\AppData\Local\atom\bin;C:\Users\Administrator\AppData\Local\Microsoft\WindowsApps;C:\Program Files (x86)\SSH Communications Security\SSH Secure Shell;C:\Users\Administrator\AppData\Local\GitHubDesktop\bin;D:\Programs\Microsoft VS Code\bin
USERNAME=Administrator
OS=Windows_NT
PROCESSOR_IDENTIFIER=Intel64 Family 6 Model 158 Stepping 10, GenuineIntel



---------------  S Y S T E M  ---------------

OS: Windows 10.0 , 64 bit Build 17134 (10.0.17134.753)

CPU:total 12 (initial active 12) (6 cores per cpu, 2 threads per core) family 6 model 158 stepping 10, cmov, cx8, fxsr, mmx, sse, sse2, sse3, ssse3, sse4.1, sse4.2, popcnt, avx, avx2, aes, clmul, erms, rtm, 3dnowpref, lzcnt, ht, tsc, tscinvbit, bmi1, bmi2, adx

Memory: 4k page, physical 16719680k(7208952k free), swap 19603264k(5116k free)

vm_info: Java HotSpot(TM) 64-Bit Server VM (25.221-b11) for windows-amd64 JRE (1.8.0_221-b11), built on Jul  4 2019 04:39:29 by "java_re" with MS VC++ 10.0 (VS2010)

time: Sun Oct 06 12:40:46 2019
timezone: 中国标准时间
elapsed time: 2 seconds (0d 0h 0m 2s)

